<?xml version="1.0" encoding="UTF-8"?>
<!-- Generated by org.testng.reporters.JUnitReportReporter -->
<testsuite hostname="NOI-C02FW1GQMD6N.local" failures="0" tests="1" name="com.bs.qa.test.LoginPageTest" time="0.003" errors="0" timestamp="2023-06-23T13:25:29 IST" skipped="0">
  <testcase classname="com.bs.qa.test.LoginPageTest" name="m1" time="0.003"/>
  <system-out/>
</testsuite> <!-- com.bs.qa.test.LoginPageTest -->
